<?xml version="1.0" encoding="UTF-8"?>
<!-- Generated by org.testng.reporters.JUnitReportReporter -->
<testsuite hostname="DESKTOP-3CKMDVP" failures="0" tests="1" name="com.tests.HomeTest" time="21.318" errors="0" timestamp="2025-03-27T11:52:03 IST" skipped="0">
  <testcase classname="com.tests.HomeTest" name="loginTest" time="21.318"/>
</testsuite> <!-- com.tests.HomeTest -->
