<?xml version="1.0" encoding="UTF-8"?>
<!-- Generated by org.testng.reporters.JUnitReportReporter -->
<testsuite hostname="DESKTOP-3CKMDVP" failures="0" tests="3" name="com.tests.RegisterTest" time="74.119" errors="0" timestamp="2025-03-27T11:52:03 IST" skipped="0">
  <testcase classname="com.tests.RegisterTest" name="Register" time="23.351"/>
  <testcase classname="com.tests.RegisterTest" name="Register" time="20.678"/>
  <testcase classname="com.tests.RegisterTest" name="Register" time="30.090"/>
</testsuite> <!-- com.tests.RegisterTest -->
