<?xml version="1.0" encoding="UTF-8"?>
<!-- Generated by org.testng.reporters.JUnitReportReporter -->
<testsuite hostname="DESKTOP-3CKMDVP" failures="0" tests="3" name="com.dp.DataProviderExcel" time="45.647" errors="0" timestamp="2025-03-26T09:25:31 IST" skipped="0">
  <testcase classname="com.dp.DataProviderExcel" name="search" time="13.770"/>
  <testcase classname="com.dp.DataProviderExcel" name="search" time="14.398"/>
  <testcase classname="com.dp.DataProviderExcel" name="search" time="17.479"/>
</testsuite> <!-- com.dp.DataProviderExcel -->
