<?xml version="1.0" encoding="UTF-8"?>
<!-- Generated by org.testng.reporters.JUnitReportReporter -->
<testsuite hostname="DESKTOP-3CKMDVP" failures="0" tests="3" name="com.dp.dataProviderDemo2" time="42.755" errors="0" timestamp="2025-03-25T15:33:39 IST" skipped="0">
  <testcase classname="com.dp.dataProviderDemo2" name="search" time="21.555"/>
  <testcase classname="com.dp.dataProviderDemo2" name="search" time="10.958"/>
  <testcase classname="com.dp.dataProviderDemo2" name="search" time="10.242"/>
</testsuite> <!-- com.dp.dataProviderDemo2 -->
