<?xml version="1.0" encoding="UTF-8"?>
<!-- Generated by org.testng.reporters.JUnitReportReporter -->
<testsuite hostname="DESKTOP-3CKMDVP" failures="0" tests="1" name="com.dp.Fileupload1" time="10.068" errors="0" timestamp="2025-04-09T09:24:21 IST" skipped="0">
  <testcase classname="com.dp.Fileupload1" name="uploadFileTest" time="10.068"/>
</testsuite> <!-- com.dp.Fileupload1 -->
