<?xml version="1.0" encoding="UTF-8"?>
<!-- Generated by org.testng.reporters.JUnitReportReporter -->
<testsuite hostname="DESKTOP-3CKMDVP" failures="0" tests="2" name="com.dp.dataProviderDemo" time="16.353" errors="0" timestamp="2025-03-25T22:38:47 IST" skipped="0">
  <testcase classname="com.dp.dataProviderDemo" name="search" time="7.488"/>
  <testcase classname="com.dp.dataProviderDemo" name="search" time="8.865"/>
</testsuite> <!-- com.dp.dataProviderDemo -->
